<?xml version="1.0" encoding="UTF-8"?>
<!-- Generated by org.testng.reporters.JUnitXMLReporter -->
<testsuite ignored="0" hostname="Mac.lan" failures="1" tests="6" name="Surefire test" time="35.491" errors="0" timestamp="2026-03-12T09:30:31 IST">
  <testcase classname="vnracademy.opencart.AddProductsToCartTest" name="addProductsToCart" time="0.927"/>
  <testcase classname="vnracademy.opencart.AddProductsToCartTest" name="addProductsToCart" time="0.881"/>
  <testcase classname="vnracademy.opencart.AddProductsToCartTest" name="checkoutTest" time="10.66">
    <skipped/>
  </testcase> <!-- checkoutTest -->
  <testcase classname="vnracademy.opencart.AddProductsToCartTest" name="checkoutTest" time="10.67">
    <failure type="org.openqa.selenium.ElementNotInteractableException" message="element not interactable
  (Session info: chrome=145.0.7632.162)
Build info: version: &amp;apos;4.35.0&amp;apos;, revision: &amp;apos;1c58e5028b&amp;apos;
System info: os.name: &amp;apos;Mac OS X&amp;apos;, os.arch: &amp;apos;aarch64&amp;apos;, os.version: &amp;apos;26.2&amp;apos;, java.version: &amp;apos;25.0.1&amp;apos;
Driver info: org.openqa.selenium.chrome.ChromeDriver
Command: [98c8ba6b76a8704ac631f1e2472aef17, sendKeysToElement {id=f.48D928F652C34BD8EA4D19A582DE9F68.d.AFBCB945B1D65DBFB77360807F0945CB.e.70, value=[Ljava.lang.CharSequence;@1cb19dba}]
Capabilities {acceptInsecureCerts: false, browserName: chrome, browserVersion: 145.0.7632.162, chrome: {chromedriverVersion: 145.0.7632.117 (de4e5d6e13b..., userDataDir: /var/folders/6j/zwpt8t613h7...}, fedcm:accounts: true, goog:chromeOptions: {debuggerAddress: localhost:50813}, goog:processID: 4941, networkConnectionEnabled: false, pageLoadStrategy: normal, platformName: mac, proxy: Proxy(), se:cdp: ws://localhost:50813/devtoo..., se:cdpVersion: 145.0.7632.162, setWindowRect: true, strictFileInteractability: false, timeouts: {implicit: 0, pageLoad: 300000, script: 30000}, unhandledPromptBehavior: dismiss and notify, webauthn:extension:credBlob: true, webauthn:extension:largeBlob: true, webauthn:extension:minPinLength: true, webauthn:extension:prf: true, webauthn:virtualAuthenticators: true}
Element: [[ChromeDriver: chrome on mac (98c8ba6b76a8704ac631f1e2472aef17)] -&amp;gt; id: input-payment-firstname]
Session ID: 98c8ba6b76a8704ac631f1e2472aef17">
      <![CDATA[org.openqa.selenium.ElementNotInteractableException: element not interactable
  (Session info: chrome=145.0.7632.162)
Build info: version: '4.35.0', revision: '1c58e5028b'
System info: os.name: 'Mac OS X', os.arch: 'aarch64', os.version: '26.2', java.version: '25.0.1'
Driver info: org.openqa.selenium.chrome.ChromeDriver
Command: [98c8ba6b76a8704ac631f1e2472aef17, sendKeysToElement {id=f.48D928F652C34BD8EA4D19A582DE9F68.d.AFBCB945B1D65DBFB77360807F0945CB.e.70, value=[Ljava.lang.CharSequence;@1cb19dba}]
Capabilities {acceptInsecureCerts: false, browserName: chrome, browserVersion: 145.0.7632.162, chrome: {chromedriverVersion: 145.0.7632.117 (de4e5d6e13b..., userDataDir: /var/folders/6j/zwpt8t613h7...}, fedcm:accounts: true, goog:chromeOptions: {debuggerAddress: localhost:50813}, goog:processID: 4941, networkConnectionEnabled: false, pageLoadStrategy: normal, platformName: mac, proxy: Proxy(), se:cdp: ws://localhost:50813/devtoo..., se:cdpVersion: 145.0.7632.162, setWindowRect: true, strictFileInteractability: false, timeouts: {implicit: 0, pageLoad: 300000, script: 30000}, unhandledPromptBehavior: dismiss and notify, webauthn:extension:credBlob: true, webauthn:extension:largeBlob: true, webauthn:extension:minPinLength: true, webauthn:extension:prf: true, webauthn:virtualAuthenticators: true}
Element: [[ChromeDriver: chrome on mac (98c8ba6b76a8704ac631f1e2472aef17)] -> id: input-payment-firstname]
Session ID: 98c8ba6b76a8704ac631f1e2472aef17
at org.openqa.selenium.remote.ErrorCodec.decode(ErrorCodec.java:167)
at org.openqa.selenium.remote.codec.w3c.W3CHttpResponseCodec.decode(W3CHttpResponseCodec.java:138)
at org.openqa.selenium.remote.codec.w3c.W3CHttpResponseCodec.decode(W3CHttpResponseCodec.java:50)
at org.openqa.selenium.remote.HttpCommandExecutor.execute(HttpCommandExecutor.java:215)
at org.openqa.selenium.remote.service.DriverCommandExecutor.invokeExecute(DriverCommandExecutor.java:216)
at org.openqa.selenium.remote.service.DriverCommandExecutor.execute(DriverCommandExecutor.java:174)
at org.openqa.selenium.remote.RemoteWebDriver.execute(RemoteWebDriver.java:557)
at org.openqa.selenium.remote.RemoteWebElement.execute(RemoteWebElement.java:223)
at org.openqa.selenium.remote.RemoteWebElement.sendKeys(RemoteWebElement.java:110)
at org.openqa.selenium.support.pagefactory.internal.LocatingElementHandler.invoke(LocatingElementHandler.java:51)
at jdk.proxy2/jdk.proxy2.$Proxy12.sendKeys(Unknown Source)
at vnracademy.pageobject.CheckoutPage.fillInBillingDetails(CheckoutPage.java:61)
at vnracademy.opencart.AddProductsToCartTest.checkoutTest(AddProductsToCartTest.java:54)
at java.base/java.util.ArrayList.forEach(ArrayList.java:1604)
... Removed 35 stack frames]]>
    </failure>
  </testcase> <!-- checkoutTest -->
  <testcase classname="vnracademy.opencart.ErrorValidationTest" name="loginToApplicationWithInvalidCredentials" time="0.336"/>
  <testcase classname="vnracademy.opencart.LoginToApplicationTest" name="loginToOpenCart" time="0.36"/>
</testsuite> <!-- Surefire test -->
