<?xml version="1.0" encoding="UTF-8"?>
<!-- Generated by org.testng.reporters.JUnitXMLReporter -->
<testsuite ignored="0" hostname="Mac.lan" failures="1" tests="3" name="Test" time="5.303" errors="0" timestamp="2026-02-26T09:54:44 IST">
  <testcase classname="VNRACADEMY.opencart.ErrorValidationTest" name="loginToApplicationWithInvalidCredentials" time="0.375">
    <failure type="java.lang.AssertionError" message="Login Was successfull with invalid credentials. But expected message: Warning: No match for E-Mail Address and/or Password. expected [true] but found [false]">
      <![CDATA[java.lang.AssertionError: Login Was successfull with invalid credentials. But expected message: Warning: No match for E-Mail Address and/or Password. expected [true] but found [false]
at VNRACADEMY.opencart.ErrorValidationTest.loginToApplicationWithInvalidCredentials(ErrorValidationTest.java:18)
at java.base/java.util.concurrent.Executors$RunnableAdapter.call(Executors.java:572)
at java.base/java.util.concurrent.FutureTask.run(FutureTask.java:317)
at java.base/java.util.concurrent.ThreadPoolExecutor.runWorker(ThreadPoolExecutor.java:1144)
at java.base/java.util.concurrent.ThreadPoolExecutor$Worker.run(ThreadPoolExecutor.java:642)
at java.base/java.lang.Thread.run(Thread.java:1583)
... Removed 14 stack frames]]>
    </failure>
  </testcase> <!-- loginToApplicationWithInvalidCredentials -->
  <testcase classname="VNRACADEMY.opencart.LoginToApplicationTest" name="loginToOpenCart" time="0.465"/>
  <testcase classname="VNRACADEMY.opencart.AddProductsToCartTest" name="addProductsToCart" time="0.968"/>
</testsuite> <!-- Test -->
