<?xml version="1.0" encoding="UTF-8"?>
<!-- Generated by org.testng.reporters.JUnitXMLReporter -->
<testsuite ignored="0" hostname="Mac.lan" failures="1" tests="4" name="Add Products To Cart" time="31.513" errors="0" timestamp="2026-03-12T10:12:09 IST">
  <testcase classname="vnracademy.opencart.AddProductsToCartTest" name="addProductsToCart" time="0.854"/>
  <testcase classname="vnracademy.opencart.AddProductsToCartTest" name="addProductsToCart" time="0.836"/>
  <testcase classname="vnracademy.opencart.AddProductsToCartTest" name="checkoutTest" time="10.672">
    <skipped/>
  </testcase> <!-- checkoutTest -->
  <testcase classname="vnracademy.opencart.AddProductsToCartTest" name="checkoutTest" time="10.647">
    <failure type="org.openqa.selenium.ElementNotInteractableException" message="element not interactable
  (Session info: chrome=145.0.7632.162)
Build info: version: &amp;apos;4.35.0&amp;apos;, revision: &amp;apos;1c58e5028b&amp;apos;
System info: os.name: &amp;apos;Mac OS X&amp;apos;, os.arch: &amp;apos;aarch64&amp;apos;, os.version: &amp;apos;26.2&amp;apos;, java.version: &amp;apos;25.0.1&amp;apos;
Driver info: org.openqa.selenium.chrome.ChromeDriver
Command: [940ddb9f138c99f18a3a18cc8d3763f7, sendKeysToElement {value=[Ljava.lang.CharSequence;@b835727, id=f.B4F9219F1E3E9024E78925652AA3E43F.d.B8E97DA0EDDAC9CE0E12DCDA3290654A.e.69}]
Capabilities {acceptInsecureCerts: false, browserName: chrome, browserVersion: 145.0.7632.162, chrome: {chromedriverVersion: 145.0.7632.117 (de4e5d6e13b..., userDataDir: /var/folders/6j/zwpt8t613h7...}, fedcm:accounts: true, goog:chromeOptions: {debuggerAddress: localhost:49369}, goog:processID: 10268, networkConnectionEnabled: false, pageLoadStrategy: normal, platformName: mac, proxy: Proxy(), se:cdp: ws://localhost:49369/devtoo..., se:cdpVersion: 145.0.7632.162, setWindowRect: true, strictFileInteractability: false, timeouts: {implicit: 0, pageLoad: 300000, script: 30000}, unhandledPromptBehavior: dismiss and notify, webauthn:extension:credBlob: true, webauthn:extension:largeBlob: true, webauthn:extension:minPinLength: true, webauthn:extension:prf: true, webauthn:virtualAuthenticators: true}
Element: [[ChromeDriver: chrome on mac (940ddb9f138c99f18a3a18cc8d3763f7)] -&amp;gt; id: input-payment-firstname]
Session ID: 940ddb9f138c99f18a3a18cc8d3763f7">
      <![CDATA[org.openqa.selenium.ElementNotInteractableException: element not interactable
  (Session info: chrome=145.0.7632.162)
Build info: version: '4.35.0', revision: '1c58e5028b'
System info: os.name: 'Mac OS X', os.arch: 'aarch64', os.version: '26.2', java.version: '25.0.1'
Driver info: org.openqa.selenium.chrome.ChromeDriver
Command: [940ddb9f138c99f18a3a18cc8d3763f7, sendKeysToElement {value=[Ljava.lang.CharSequence;@b835727, id=f.B4F9219F1E3E9024E78925652AA3E43F.d.B8E97DA0EDDAC9CE0E12DCDA3290654A.e.69}]
Capabilities {acceptInsecureCerts: false, browserName: chrome, browserVersion: 145.0.7632.162, chrome: {chromedriverVersion: 145.0.7632.117 (de4e5d6e13b..., userDataDir: /var/folders/6j/zwpt8t613h7...}, fedcm:accounts: true, goog:chromeOptions: {debuggerAddress: localhost:49369}, goog:processID: 10268, networkConnectionEnabled: false, pageLoadStrategy: normal, platformName: mac, proxy: Proxy(), se:cdp: ws://localhost:49369/devtoo..., se:cdpVersion: 145.0.7632.162, setWindowRect: true, strictFileInteractability: false, timeouts: {implicit: 0, pageLoad: 300000, script: 30000}, unhandledPromptBehavior: dismiss and notify, webauthn:extension:credBlob: true, webauthn:extension:largeBlob: true, webauthn:extension:minPinLength: true, webauthn:extension:prf: true, webauthn:virtualAuthenticators: true}
Element: [[ChromeDriver: chrome on mac (940ddb9f138c99f18a3a18cc8d3763f7)] -> id: input-payment-firstname]
Session ID: 940ddb9f138c99f18a3a18cc8d3763f7
at org.openqa.selenium.remote.ErrorCodec.decode(ErrorCodec.java:167)
at org.openqa.selenium.remote.codec.w3c.W3CHttpResponseCodec.decode(W3CHttpResponseCodec.java:138)
at org.openqa.selenium.remote.codec.w3c.W3CHttpResponseCodec.decode(W3CHttpResponseCodec.java:50)
at org.openqa.selenium.remote.HttpCommandExecutor.execute(HttpCommandExecutor.java:215)
at org.openqa.selenium.remote.service.DriverCommandExecutor.invokeExecute(DriverCommandExecutor.java:216)
at org.openqa.selenium.remote.service.DriverCommandExecutor.execute(DriverCommandExecutor.java:174)
at org.openqa.selenium.remote.RemoteWebDriver.execute(RemoteWebDriver.java:557)
at org.openqa.selenium.remote.RemoteWebElement.execute(RemoteWebElement.java:223)
at org.openqa.selenium.remote.RemoteWebElement.sendKeys(RemoteWebElement.java:110)
at org.openqa.selenium.support.pagefactory.internal.LocatingElementHandler.invoke(LocatingElementHandler.java:51)
at jdk.proxy2/jdk.proxy2.$Proxy14.sendKeys(Unknown Source)
at vnracademy.pageobject.CheckoutPage.fillInBillingDetails(CheckoutPage.java:61)
at vnracademy.opencart.AddProductsToCartTest.checkoutTest(AddProductsToCartTest.java:54)
at java.base/java.util.ArrayList.forEach(ArrayList.java:1604)
... Removed 34 stack frames]]>
    </failure>
  </testcase> <!-- checkoutTest -->
</testsuite> <!-- Add Products To Cart -->
