<?xml version="1.0" encoding="UTF-8"?>
<!-- Generated by org.testng.reporters.JUnitXMLReporter -->
<testsuite ignored="1" hostname="Mac.lan" failures="0" tests="2" name="Add Products To Cart" time="5.247" errors="0" timestamp="2026-03-18T07:48:36 IST">
  <testcase classname="vnracademy.opencart.AddProductsToCartTest" name="addProductsToCart" time="0.828"/>
  <testcase classname="vnracademy.opencart.AddProductsToCartTest" name="addProductsToCart" time="0.77"/>
  <testcase classname="vnracademy.opencart.AddProductsToCartTest" name="checkoutTest" time="0.0">
    <ignored/>
  </testcase> <!-- checkoutTest -->
</testsuite> <!-- Add Products To Cart -->
