<?xml version="1.0" encoding="UTF-8"?>
<!-- Generated by org.testng.reporters.JUnitXMLReporter -->
<testsuite ignored="2" hostname="Mac.lan" failures="0" tests="0" time="0.0" errors="0" timestamp="2026-03-18T07:48:36 IST">
  <testcase classname="vnracademy.opencart.ErrorValidationTest" name="loginToApplicationWithInvalidCredentials" time="0.0">
    <ignored/>
  </testcase> <!-- loginToApplicationWithInvalidCredentials -->
  <testcase classname="vnracademy.opencart.LoginToApplicationTest" name="loginToOpenCart" time="0.0">
    <ignored/>
  </testcase> <!-- loginToOpenCart -->
</testsuite>
