<?xml version="1.0" encoding="UTF-8"?>
<!-- Generated by org.testng.reporters.JUnitXMLReporter -->
<testsuite ignored="0" hostname="Mac.lan" failures="1" tests="2" name="Login To OpenCart" time="4.96" errors="0" timestamp="2026-03-12T10:12:14 IST">
  <testcase classname="vnracademy.opencart.LoginToApplicationTest" name="loginToOpenCart" time="0.33"/>
  <testcase classname="vnracademy.opencart.ErrorValidationTest" name="loginToApplicationWithInvalidCredentials" time="0.35">
    <failure type="java.lang.AssertionError" message="Login Was successfull with invalid credentials. But expected message: Warning: No match for E-Mail Address and/or Password. expected [true] but found [false]">
      <![CDATA[java.lang.AssertionError: Login Was successfull with invalid credentials. But expected message: Warning: No match for E-Mail Address and/or Password. expected [true] but found [false]
at vnracademy.opencart.ErrorValidationTest.loginToApplicationWithInvalidCredentials(ErrorValidationTest.java:21)
at java.base/java.util.ArrayList.forEach(ArrayList.java:1604)
... Removed 32 stack frames]]>
    </failure>
  </testcase> <!-- loginToApplicationWithInvalidCredentials -->
</testsuite> <!-- Login To OpenCart -->
