<?xml version="1.0" encoding="UTF-8"?>
<testng-results ignored="0" total="2" passed="2" failed="0" skipped="0">
  <reporter-output>
  </reporter-output>
  <suite started-at="2026-03-18T07:48:30 IST" name="Suite" finished-at="2026-03-18T07:48:36 IST" duration-ms="5340">
    <groups>
      <group name="products">
        <method signature="AddProductsToCartTest.addProductsToCart(java.util.HashMap)[pri:0, instance:vnracademy.opencart.AddProductsToCartTest@54bff557]" name="addProductsToCart" class="vnracademy.opencart.AddProductsToCartTest"/>
      </group> <!-- products -->
    </groups>
    <test started-at="2026-03-18T07:48:30 IST" name="Add Products To Cart" finished-at="2026-03-18T07:48:35 IST" duration-ms="5247">
      <class name="vnracademy.opencart.AddProductsToCartTest">
        <test-method is-config="true" signature="launchApplication()[pri:0, instance:vnracademy.opencart.AddProductsToCartTest@54bff557]" started-at="2026-03-18T07:48:30 IST" name="launchApplication" finished-at="2026-03-18T07:48:32 IST" duration-ms="1856" status="PASS">
          <reporter-output>
          </reporter-output>
        </test-method> <!-- launchApplication -->
        <test-method signature="addProductsToCart(java.util.HashMap)[pri:0, instance:vnracademy.opencart.AddProductsToCartTest@54bff557]" started-at="2026-03-18T07:48:32 IST" name="addProductsToCart" data-provider="getData" finished-at="2026-03-18T07:48:33 IST" duration-ms="828" status="PASS">
          <params>
            <param index="0">
              <value>
                <![CDATA[{password=Test@123, product=iPhone, quantity=4, email=Test1@gmail.com}]]>
              </value>
            </param>
          </params>
          <reporter-output>
          </reporter-output>
        </test-method> <!-- addProductsToCart -->
        <test-method is-config="true" signature="tearDown()[pri:0, instance:vnracademy.opencart.AddProductsToCartTest@54bff557]" started-at="2026-03-18T07:48:33 IST" name="tearDown" finished-at="2026-03-18T07:48:33 IST" duration-ms="71" status="PASS">
          <reporter-output>
          </reporter-output>
        </test-method> <!-- tearDown -->
        <test-method is-config="true" signature="launchApplication()[pri:0, instance:vnracademy.opencart.AddProductsToCartTest@54bff557]" started-at="2026-03-18T07:48:33 IST" name="launchApplication" finished-at="2026-03-18T07:48:35 IST" duration-ms="1580" status="PASS">
          <reporter-output>
          </reporter-output>
        </test-method> <!-- launchApplication -->
        <test-method signature="addProductsToCart(java.util.HashMap)[pri:0, instance:vnracademy.opencart.AddProductsToCartTest@54bff557]" started-at="2026-03-18T07:48:35 IST" name="addProductsToCart" data-provider="getData" finished-at="2026-03-18T07:48:35 IST" duration-ms="770" status="PASS">
          <params>
            <param index="0">
              <value>
                <![CDATA[{password=Test@123, product=MacBook, quantity=10, email=venkat_test@gmail.com}]]>
              </value>
            </param>
          </params>
          <reporter-output>
          </reporter-output>
        </test-method> <!-- addProductsToCart -->
        <test-method is-config="true" signature="tearDown()[pri:0, instance:vnracademy.opencart.AddProductsToCartTest@54bff557]" started-at="2026-03-18T07:48:35 IST" name="tearDown" finished-at="2026-03-18T07:48:35 IST" duration-ms="66" status="PASS">
          <reporter-output>
          </reporter-output>
        </test-method> <!-- tearDown -->
      </class> <!-- vnracademy.opencart.AddProductsToCartTest -->
    </test> <!-- Add Products To Cart -->
    <test started-at="2026-03-18T07:48:36 IST" name="Login To OpenCart" finished-at="2026-03-18T07:48:36 IST" duration-ms="0">
    </test> <!-- Login To OpenCart -->
  </suite> <!-- Suite -->
</testng-results>
