<?xml version="1.0" encoding="UTF-8"?>
<!-- Generated by org.testng.reporters.JUnitReportReporter -->
<testsuite hostname="Mac.lan" failures="0" tests="2" name="vnracademy.opencart.AddProductsToCartTest" time="5.171" errors="0" timestamp="2026-03-18T07:48:36 IST" skipped="0">
  <testcase classname="vnracademy.opencart.AddProductsToCartTest" name="addProductsToCart" time="2.421"/>
  <testcase classname="vnracademy.opencart.AddProductsToCartTest" name="addProductsToCart" time="2.750"/>
</testsuite> <!-- vnracademy.opencart.AddProductsToCartTest -->
